<?xml version="1.0" encoding="UTF-8"?>
<!-- Generated by org.testng.reporters.JUnitXMLReporter -->
<testsuite hostname="DESKTOP-9EU580V" ignored="2" name="Test" tests="2" failures="0" timestamp="2022-12-01T12:15:36 CST" time="0.078" errors="0">
  <testcase name="alphatest" time="0.013" classname="testNGdemo.NewFirstTest"/>
  <testcase name="alphatest" time="0.003" classname="testNGdemo.NewSecondTest"/>
  <testcase name="betatest" time="0.0" classname="testNGdemo.NewFirstTest">
    <ignored/>
  </testcase> <!-- betatest -->
  <testcase name="betatest" time="0.0" classname="testNGdemo.NewSecondTest">
    <ignored/>
  </testcase> <!-- betatest -->
</testsuite> <!-- Test -->
