<?xml version="1.0" encoding="UTF-8"?>
<!-- Generated by org.testng.reporters.JUnitXMLReporter -->
<testsuite hostname="DESKTOP-9EU580V" ignored="2" name="Test" tests="2" failures="0" timestamp="2022-12-01T00:18:33 CST" time="0.07" errors="0">
  <testcase name="betatest" time="0.012" classname="testNG.SecondTest"/>
  <testcase name="betatest" time="0.017" classname="testNG.FirstTest"/>
  <testcase name="alphatest" time="0.0" classname="testNG.SecondTest">
    <ignored/>
  </testcase> <!-- alphatest -->
  <testcase name="alphatest" time="0.0" classname="testNG.FirstTest">
    <ignored/>
  </testcase> <!-- alphatest -->
</testsuite> <!-- Test -->
